<?xml version="1.0" encoding="UTF-8"?>
<!-- Generated by org.testng.reporters.JUnitXMLReporter -->
<testsuite ignored="0" hostname="HCLT-PC5929-1" failures="2" tests="2" name="PROJECT_Test1" time="53.732" errors="0" timestamp="26 Feb 2021 12:35:42 GMT">
  <testcase classname="com.hcl.gim.testscripts.child_education.TYSS_GIM_CEA_0010" name="TC_TYSS_GIM_CEA_0010" time="35.308">
    <failure type="java.lang.AssertionError" message="Unable to add claim of One Time Registration type ">
      <![CDATA[java.lang.AssertionError: Unable to add claim of One Time Registration type 
at com.hcl.gim.pages.ChildEducationAllowance_Page.applyoneTimeRegistration(ChildEducationAllowance_Page.java:243)
at com.hcl.gim.testscripts.child_education.TYSS_GIM_CEA_0010.TC_TYSS_GIM_CEA_0010(TYSS_GIM_CEA_0010.java:58)
... Removed 26 stack frames]]>
    </failure>
  </testcase> <!-- TC_TYSS_GIM_CEA_0010 -->
  <testcase classname="com.hcl.gim.testscripts.child_education.TYSS_GIM_CEA_0010" name="TC_TYSS_GIM_CEA_0010" time="39.648">
    <failure type="org.openqa.selenium.WebDriverException" message="chrome not reachable
  (Session info: chrome=88.0.4324.190)
Build info: version: &amp;apos;3.141.59&amp;apos;, revision: &amp;apos;e82be7d358&amp;apos;, time: &amp;apos;2018-11-14T08:25:53&amp;apos;
System info: host: &amp;apos;HCLT-PC5929-1&amp;apos;, ip: &amp;apos;10.98.101.172&amp;apos;, os.name: &amp;apos;Windows Server 2019&amp;apos;, os.arch: &amp;apos;amd64&amp;apos;, os.version: &amp;apos;10.0&amp;apos;, java.version: &amp;apos;11.0.9&amp;apos;
Driver info: org.openqa.selenium.chrome.ChromeDriver
Capabilities {acceptInsecureCerts: false, browserName: chrome, browserVersion: 88.0.4324.190, chrome: {chromedriverVersion: 87.0.4280.88 (89e2380a3e36c..., userDataDir: C:\Users\manish.k01\AppData...}, goog:chromeOptions: {debuggerAddress: localhost:61568}, javascriptEnabled: true, networkConnectionEnabled: false, pageLoadStrategy: normal, platform: WINDOWS, platformName: WINDOWS, proxy: Proxy(), setWindowRect: true, strictFileInteractability: false, timeouts: {implicit: 0, pageLoad: 300000, script: 30000}, unhandledPromptBehavior: dismiss and notify, webauthn:virtualAuthenticators: true}
Session ID: c46fd53a1fc610b244ec4afe2c121e01">
      <![CDATA[org.openqa.selenium.WebDriverException: chrome not reachable
  (Session info: chrome=88.0.4324.190)
Build info: version: '3.141.59', revision: 'e82be7d358', time: '2018-11-14T08:25:53'
System info: host: 'HCLT-PC5929-1', ip: '10.98.101.172', os.name: 'Windows Server 2019', os.arch: 'amd64', os.version: '10.0', java.version: '11.0.9'
Driver info: org.openqa.selenium.chrome.ChromeDriver
Capabilities {acceptInsecureCerts: false, browserName: chrome, browserVersion: 88.0.4324.190, chrome: {chromedriverVersion: 87.0.4280.88 (89e2380a3e36c..., userDataDir: C:\Users\manish.k01\AppData...}, goog:chromeOptions: {debuggerAddress: localhost:61568}, javascriptEnabled: true, networkConnectionEnabled: false, pageLoadStrategy: normal, platform: WINDOWS, platformName: WINDOWS, proxy: Proxy(), setWindowRect: true, strictFileInteractability: false, timeouts: {implicit: 0, pageLoad: 300000, script: 30000}, unhandledPromptBehavior: dismiss and notify, webauthn:virtualAuthenticators: true}
Session ID: c46fd53a1fc610b244ec4afe2c121e01
at org.openqa.selenium.remote.http.W3CHttpResponseCodec.createException(W3CHttpResponseCodec.java:187)
at org.openqa.selenium.remote.http.W3CHttpResponseCodec.decode(W3CHttpResponseCodec.java:122)
at org.openqa.selenium.remote.http.W3CHttpResponseCodec.decode(W3CHttpResponseCodec.java:49)
at org.openqa.selenium.remote.HttpCommandExecutor.execute(HttpCommandExecutor.java:158)
at org.openqa.selenium.remote.service.DriverCommandExecutor.execute(DriverCommandExecutor.java:83)
at org.openqa.selenium.remote.RemoteWebDriver.execute(RemoteWebDriver.java:552)
at org.openqa.selenium.remote.RemoteWebDriver.execute(RemoteWebDriver.java:609)
at org.openqa.selenium.remote.RemoteWebDriver.getScreenshotAs(RemoteWebDriver.java:295)
at com.hcl.gim.util.WebActionUtil.getScreenShot(WebActionUtil.java:392)
at com.hcl.gim.listeners.TestListener.onTestFailure(TestListener.java:122)
... Removed 26 stack frames]]>
    </failure>
  </testcase> <!-- TC_TYSS_GIM_CEA_0010 -->
</testsuite> <!-- PROJECT_Test1 -->
